<?xml version="1.0" encoding="UTF-8"?>
<!-- Generated by org.testng.reporters.JUnitReportReporter -->
<testsuite skipped="0" hostname="QGLWR-SLS-08" name="TestNGprogram.Example7" tests="2" failures="0" timestamp="2022-04-28T19:59:57 IST" time="63.104" errors="0">
  <testcase name="loginlogoutactiveaplication" time="33.404" classname="TestNGprogram.Example7"/>
  <system-out/>
  <testcase name="loginPageValidationInActitimeApplication" time="29.700" classname="TestNGprogram.Example7"/>
  <system-out/>
</testsuite> <!-- TestNGprogram.Example7 -->
