<?xml version="1.0" encoding="UTF-8"?>
<!-- Generated by org.testng.reporters.JUnitReportReporter -->
<testsuite skipped="0" hostname="QGLWR-SLS-08" name="TestNGprogram.ExampleAnnotation1" tests="2" failures="0" timestamp="2022-04-29T15:30:23 IST" time="0.001" errors="0">
  <testcase name="varifylogin" time="0.001" classname="TestNGprogram.ExampleAnnotation1"/>
  <system-out/>
  <testcase name="createTask" time="0.000" classname="TestNGprogram.ExampleAnnotation1"/>
  <system-out/>
</testsuite> <!-- TestNGprogram.ExampleAnnotation1 -->
