<?xml version="1.0" encoding="UTF-8"?>
<!-- Generated by org.testng.reporters.JUnitReportReporter -->
<testsuite skipped="0" hostname="QGLWR-SLS-08" name="TestNGprogram.Anatationexmple3" tests="2" failures="0" timestamp="2022-04-29T15:45:46 IST" time="0.015" errors="0">
  <testcase name="creattast" time="0.015" classname="TestNGprogram.Anatationexmple3"/>
  <system-out/>
  <testcase name="varifiloginpage" time="0.000" classname="TestNGprogram.Anatationexmple3"/>
  <system-out/>
</testsuite> <!-- TestNGprogram.Anatationexmple3 -->
