<?xml version="1.0" encoding="UTF-8"?>
<!-- Generated by org.testng.reporters.JUnitReportReporter -->
<testsuite skipped="0" hostname="QGLWR-SLS-08" name="TestNGprogram.NewTest1" tests="1" failures="0" timestamp="2022-04-28T17:58:30 IST" time="0.016" errors="0">
  <testcase name="f" time="0.016" classname="TestNGprogram.NewTest1"/>
  <system-out/>
</testsuite> <!-- TestNGprogram.NewTest1 -->
