<?xml version="1.0" encoding="UTF-8"?>
<!-- Generated by org.testng.reporters.JUnitReportReporter -->
<testsuite skipped="0" hostname="QGLWR-SLS-08" name="TestNGprogram.TestNG1" tests="2" failures="0" timestamp="2022-04-28T18:09:30 IST" time="0.015" errors="0">
  <testcase name="testCase3" time="0.015" classname="TestNGprogram.TestNG1"/>
  <system-out/>
  <testcase name="testCase4" time="0.000" classname="TestNGprogram.TestNG1"/>
  <system-out/>
</testsuite> <!-- TestNGprogram.TestNG1 -->
